  File "sim.py", line 6
    for analyse in ["M1", "M2","M3"]:
    ^
IndentationError: unexpected indent
Loading required package: sp

Attaching package: ‘tidyr’

The following object is masked from ‘package:raster’:

    extract


Attaching package: ‘dplyr’

The following objects are masked from ‘package:raster’:

    intersect, select, union

The following objects are masked from ‘package:stats’:

    filter, lag

The following objects are masked from ‘package:base’:

    intersect, setdiff, setequal, union

Linking to GEOS 3.6.2, GDAL 2.2.3, PROJ 4.9.3
Loading required package: spam
Loading required package: dotCall64
Loading required package: grid
Spam version 2.5-1 (2019-12-12) is loaded.
Type 'help( Spam)' or 'demo( spam)' for a short introduction 
and overview of this package.
Help for individual functions is also obtained by adding the
suffix '.spam' to the function name, e.g. 'help( chol.spam)'.

Attaching package: ‘spam’

The following objects are masked from ‘package:base’:

    backsolve, forwardsolve

Loading required package: maps

Attaching package: ‘maps’

The following object is masked from ‘package:purrr’:

    map

See https://github.com/NCAR/Fields for
 an extensive vignette, other supplements and source code 
Loading required package: RandomFieldsUtils

Attaching package: ‘RandomFields’

The following object is masked from ‘package:RandomFieldsUtils’:

    RFoptions

Loading required package: coda
Loading required package: MASS

Attaching package: ‘MASS’

The following object is masked from ‘package:dplyr’:

    select

The following objects are masked from ‘package:raster’:

    area, select

##
## Markov Chain Monte Carlo Package (MCMCpack)
## Copyright (C) 2003-2020 Andrew D. Martin, Kevin M. Quinn, and Jong Hee Park
##
## Support provided by the U.S. National Science Foundation
## (Grants SES-0350646 and SES-0350613)
##
Loading required package: stats4

Attaching package: ‘stats4’

The following object is masked from ‘package:spam’:

    mle

Loading required package: evd

Attaching package: ‘invgamma’

The following objects are masked from ‘package:MCMCpack’:

    dinvgamma, rinvgamma


Attaching package: ‘Matrix’

The following object is masked from ‘package:spam’:

    det

The following objects are masked from ‘package:tidyr’:

    expand, pack, unpack

Joining, by = c("iK1", "iK2", "iK3")
Joining, by = c("iK1", "iK2")
Joining, by = "iK1"
Joining, by = c("iK1", "iK2", "iK3", "iK4")
Joining, by = "iP2"
Joining, by = "iP3"
Loading required package: sp

Attaching package: ‘tidyr’

The following object is masked from ‘package:raster’:

    extract


Attaching package: ‘dplyr’

The following objects are masked from ‘package:raster’:

    intersect, select, union

The following objects are masked from ‘package:stats’:

    filter, lag

The following objects are masked from ‘package:base’:

    intersect, setdiff, setequal, union

Linking to GEOS 3.6.2, GDAL 2.2.3, PROJ 4.9.3
Loading required package: spam
Loading required package: dotCall64
Loading required package: grid
Spam version 2.5-1 (2019-12-12) is loaded.
Type 'help( Spam)' or 'demo( spam)' for a short introduction 
and overview of this package.
Help for individual functions is also obtained by adding the
suffix '.spam' to the function name, e.g. 'help( chol.spam)'.

Attaching package: ‘spam’

The following objects are masked from ‘package:base’:

    backsolve, forwardsolve

Loading required package: maps

Attaching package: ‘maps’

The following object is masked from ‘package:purrr’:

    map

See https://github.com/NCAR/Fields for
 an extensive vignette, other supplements and source code 
Loading required package: RandomFieldsUtils

Attaching package: ‘RandomFields’

The following object is masked from ‘package:RandomFieldsUtils’:

    RFoptions

Loading required package: coda
Loading required package: MASS

Attaching package: ‘MASS’

The following object is masked from ‘package:dplyr’:

    select

The following objects are masked from ‘package:raster’:

    area, select

##
## Markov Chain Monte Carlo Package (MCMCpack)
## Copyright (C) 2003-2020 Andrew D. Martin, Kevin M. Quinn, and Jong Hee Park
##
## Support provided by the U.S. National Science Foundation
## (Grants SES-0350646 and SES-0350613)
##
Loading required package: stats4

Attaching package: ‘stats4’

The following object is masked from ‘package:spam’:

    mle

Loading required package: evd

Attaching package: ‘invgamma’

The following objects are masked from ‘package:MCMCpack’:

    dinvgamma, rinvgamma


Attaching package: ‘Matrix’

The following object is masked from ‘package:spam’:

    det

The following objects are masked from ‘package:tidyr’:

    expand, pack, unpack

Joining, by = c("iK1", "iK2", "iK3")
Joining, by = c("iK1", "iK2")
Joining, by = "iK1"
Joining, by = c("iK1", "iK2", "iK3", "iK4")
Joining, by = "iP2"
Joining, by = "iP3"
Loading required package: sp

Attaching package: ‘tidyr’

The following object is masked from ‘package:raster’:

    extract


Attaching package: ‘dplyr’

The following objects are masked from ‘package:raster’:

    intersect, select, union

The following objects are masked from ‘package:stats’:

    filter, lag

The following objects are masked from ‘package:base’:

    intersect, setdiff, setequal, union

Linking to GEOS 3.6.2, GDAL 2.2.3, PROJ 4.9.3
Loading required package: spam
Loading required package: dotCall64
Loading required package: grid
Spam version 2.5-1 (2019-12-12) is loaded.
Type 'help( Spam)' or 'demo( spam)' for a short introduction 
and overview of this package.
Help for individual functions is also obtained by adding the
suffix '.spam' to the function name, e.g. 'help( chol.spam)'.

Attaching package: ‘spam’

The following objects are masked from ‘package:base’:

    backsolve, forwardsolve

Loading required package: maps

Attaching package: ‘maps’

The following object is masked from ‘package:purrr’:

    map

See https://github.com/NCAR/Fields for
 an extensive vignette, other supplements and source code 
Loading required package: RandomFieldsUtils

Attaching package: ‘RandomFields’

The following object is masked from ‘package:RandomFieldsUtils’:

    RFoptions

Loading required package: coda
Loading required package: MASS

Attaching package: ‘MASS’

The following object is masked from ‘package:dplyr’:

    select

The following objects are masked from ‘package:raster’:

    area, select

##
## Markov Chain Monte Carlo Package (MCMCpack)
## Copyright (C) 2003-2020 Andrew D. Martin, Kevin M. Quinn, and Jong Hee Park
##
## Support provided by the U.S. National Science Foundation
## (Grants SES-0350646 and SES-0350613)
##
Loading required package: stats4

Attaching package: ‘stats4’

The following object is masked from ‘package:spam’:

    mle

Loading required package: evd

Attaching package: ‘invgamma’

The following objects are masked from ‘package:MCMCpack’:

    dinvgamma, rinvgamma


Attaching package: ‘Matrix’

The following object is masked from ‘package:spam’:

    det

The following objects are masked from ‘package:tidyr’:

    expand, pack, unpack

Joining, by = c("iK1", "iK2", "iK3")
Joining, by = c("iK1", "iK2")
Joining, by = "iK1"
Joining, by = c("iK1", "iK2", "iK3", "iK4")
Joining, by = "iP2"
Joining, by = "iP3"
Error in if (log(runif(1)) <= probab) { : 
  missing value where TRUE/FALSE needed
Calls: run_metropolis_MCMC
Execution halted
Loading required package: sp

Attaching package: ‘tidyr’

The following object is masked from ‘package:raster’:

    extract


Attaching package: ‘dplyr’

The following objects are masked from ‘package:raster’:

    intersect, select, union

The following objects are masked from ‘package:stats’:

    filter, lag

The following objects are masked from ‘package:base’:

    intersect, setdiff, setequal, union

Linking to GEOS 3.6.2, GDAL 2.2.3, PROJ 4.9.3
Loading required package: spam
Loading required package: dotCall64
Loading required package: grid
Spam version 2.5-1 (2019-12-12) is loaded.
Type 'help( Spam)' or 'demo( spam)' for a short introduction 
and overview of this package.
Help for individual functions is also obtained by adding the
suffix '.spam' to the function name, e.g. 'help( chol.spam)'.

Attaching package: ‘spam’

The following objects are masked from ‘package:base’:

    backsolve, forwardsolve

Loading required package: maps

Attaching package: ‘maps’

The following object is masked from ‘package:purrr’:

    map

See https://github.com/NCAR/Fields for
 an extensive vignette, other supplements and source code 
Loading required package: RandomFieldsUtils

Attaching package: ‘RandomFields’

The following object is masked from ‘package:RandomFieldsUtils’:

    RFoptions

Loading required package: coda
Loading required package: MASS

Attaching package: ‘MASS’

The following object is masked from ‘package:dplyr’:

    select

The following objects are masked from ‘package:raster’:

    area, select

##
## Markov Chain Monte Carlo Package (MCMCpack)
## Copyright (C) 2003-2020 Andrew D. Martin, Kevin M. Quinn, and Jong Hee Park
##
## Support provided by the U.S. National Science Foundation
## (Grants SES-0350646 and SES-0350613)
##
Loading required package: stats4

Attaching package: ‘stats4’

The following object is masked from ‘package:spam’:

    mle

Loading required package: evd

Attaching package: ‘invgamma’

The following objects are masked from ‘package:MCMCpack’:

    dinvgamma, rinvgamma


Attaching package: ‘Matrix’

The following object is masked from ‘package:spam’:

    det

The following objects are masked from ‘package:tidyr’:

    expand, pack, unpack

Joining, by = c("iK1", "iK2", "iK3")
Joining, by = c("iK1", "iK2")
Joining, by = "iK1"
Joining, by = c("iK1", "iK2", "iK3", "iK4")
Joining, by = "iP2"
Joining, by = "iP3"
Killed
Loading required package: sp

Attaching package: ‘tidyr’

The following object is masked from ‘package:raster’:

    extract


Attaching package: ‘dplyr’

The following objects are masked from ‘package:raster’:

    intersect, select, union

The following objects are masked from ‘package:stats’:

    filter, lag

The following objects are masked from ‘package:base’:

    intersect, setdiff, setequal, union

Linking to GEOS 3.6.2, GDAL 2.2.3, PROJ 4.9.3
Loading required package: spam
Loading required package: dotCall64
Loading required package: grid
Spam version 2.5-1 (2019-12-12) is loaded.
Type 'help( Spam)' or 'demo( spam)' for a short introduction 
and overview of this package.
Help for individual functions is also obtained by adding the
suffix '.spam' to the function name, e.g. 'help( chol.spam)'.

Attaching package: ‘spam’

The following objects are masked from ‘package:base’:

    backsolve, forwardsolve

Loading required package: maps

Attaching package: ‘maps’

The following object is masked from ‘package:purrr’:

    map

See https://github.com/NCAR/Fields for
 an extensive vignette, other supplements and source code 
Loading required package: RandomFieldsUtils

Attaching package: ‘RandomFields’

The following object is masked from ‘package:RandomFieldsUtils’:

    RFoptions

Loading required package: coda
Loading required package: MASS

Attaching package: ‘MASS’

The following object is masked from ‘package:dplyr’:

    select

The following objects are masked from ‘package:raster’:

    area, select

##
## Markov Chain Monte Carlo Package (MCMCpack)
## Copyright (C) 2003-2020 Andrew D. Martin, Kevin M. Quinn, and Jong Hee Park
##
## Support provided by the U.S. National Science Foundation
## (Grants SES-0350646 and SES-0350613)
##
Loading required package: stats4

Attaching package: ‘stats4’

The following object is masked from ‘package:spam’:

    mle

Loading required package: evd

Attaching package: ‘invgamma’

The following objects are masked from ‘package:MCMCpack’:

    dinvgamma, rinvgamma


Attaching package: ‘Matrix’

The following object is masked from ‘package:spam’:

    det

The following objects are masked from ‘package:tidyr’:

    expand, pack, unpack

Joining, by = c("iK1", "iK2", "iK3")
Joining, by = c("iK1", "iK2")
Joining, by = "iK1"
Joining, by = c("iK1", "iK2", "iK3", "iK4")
Joining, by = "iP2"
Joining, by = "iP3"
Terminated
Loading required package: sp

Attaching package: ‘tidyr’

The following object is masked from ‘package:raster’:

    extract


Attaching package: ‘dplyr’

The following objects are masked from ‘package:raster’:

    intersect, select, union

The following objects are masked from ‘package:stats’:

    filter, lag

The following objects are masked from ‘package:base’:

    intersect, setdiff, setequal, union

Linking to GEOS 3.6.2, GDAL 2.2.3, PROJ 4.9.3
Loading required package: spam
Loading required package: dotCall64
Loading required package: grid
Spam version 2.5-1 (2019-12-12) is loaded.
Type 'help( Spam)' or 'demo( spam)' for a short introduction 
and overview of this package.
Help for individual functions is also obtained by adding the
suffix '.spam' to the function name, e.g. 'help( chol.spam)'.

Attaching package: ‘spam’

The following objects are masked from ‘package:base’:

    backsolve, forwardsolve

Loading required package: maps

Attaching package: ‘maps’

The following object is masked from ‘package:purrr’:

    map

See https://github.com/NCAR/Fields for
 an extensive vignette, other supplements and source code 
Loading required package: RandomFieldsUtils

Attaching package: ‘RandomFields’

The following object is masked from ‘package:RandomFieldsUtils’:

    RFoptions

Loading required package: coda
Loading required package: MASS

Attaching package: ‘MASS’

The following object is masked from ‘package:dplyr’:

    select

The following objects are masked from ‘package:raster’:

    area, select

##
## Markov Chain Monte Carlo Package (MCMCpack)
## Copyright (C) 2003-2020 Andrew D. Martin, Kevin M. Quinn, and Jong Hee Park
##
## Support provided by the U.S. National Science Foundation
## (Grants SES-0350646 and SES-0350613)
##
Loading required package: stats4

Attaching package: ‘stats4’

The following object is masked from ‘package:spam’:

    mle

Loading required package: evd

Attaching package: ‘invgamma’

The following objects are masked from ‘package:MCMCpack’:

    dinvgamma, rinvgamma


Attaching package: ‘Matrix’

The following object is masked from ‘package:spam’:

    det

The following objects are masked from ‘package:tidyr’:

    expand, pack, unpack

Joining, by = c("iK1", "iK2", "iK3")
Joining, by = c("iK1", "iK2")
Joining, by = "iK1"
Joining, by = c("iK1", "iK2", "iK3", "iK4")
Terminated
Loading required package: sp
Joining, by = "iP2"
Joining, by = "iP3"

Attaching package: ‘tidyr’

The following object is masked from ‘package:raster’:

    extract


Attaching package: ‘dplyr’

The following objects are masked from ‘package:raster’:

    intersect, select, union

The following objects are masked from ‘package:stats’:

    filter, lag

The following objects are masked from ‘package:base’:

    intersect, setdiff, setequal, union

Linking to GEOS 3.6.2, GDAL 2.2.3, PROJ 4.9.3
Loading required package: spam
Loading required package: dotCall64
Loading required package: grid
Spam version 2.5-1 (2019-12-12) is loaded.
Type 'help( Spam)' or 'demo( spam)' for a short introduction 
and overview of this package.
Help for individual functions is also obtained by adding the
suffix '.spam' to the function name, e.g. 'help( chol.spam)'.

Attaching package: ‘spam’

The following objects are masked from ‘package:base’:

    backsolve, forwardsolve

Loading required package: maps

Attaching package: ‘maps’

The following object is masked from ‘package:purrr’:

    map

See https://github.com/NCAR/Fields for
 an extensive vignette, other supplements and source code 
Loading required package: RandomFieldsUtils

Attaching package: ‘RandomFields’

The following object is masked from ‘package:RandomFieldsUtils’:

    RFoptions

Loading required package: coda
Loading required package: MASS

Attaching package: ‘MASS’

The following object is masked from ‘package:dplyr’:

    select

The following objects are masked from ‘package:raster’:

    area, select

##
## Markov Chain Monte Carlo Package (MCMCpack)
## Copyright (C) 2003-2020 Andrew D. Martin, Kevin M. Quinn, and Jong Hee Park
##
## Support provided by the U.S. National Science Foundation
## (Grants SES-0350646 and SES-0350613)
##
Loading required package: stats4

Attaching package: ‘stats4’

The following object is masked from ‘package:spam’:

    mle

Loading required package: evd

Attaching package: ‘invgamma’

The following objects are masked from ‘package:MCMCpack’:

    dinvgamma, rinvgamma


Attaching package: ‘Matrix’

The following object is masked from ‘package:spam’:

    det

The following objects are masked from ‘package:tidyr’:

    expand, pack, unpack

Joining, by = c("iK1", "iK2", "iK3")
Joining, by = c("iK1", "iK2")
Joining, by = "iK1"
Joining, by = c("iK1", "iK2", "iK3", "iK4")
Joining, by = "iP2"
Joining, by = "iP3"

Attaching package: ‘igraph’

The following object is masked from ‘package:evd’:

    clusters

The following objects are masked from ‘package:dplyr’:

    as_data_frame, groups, union

The following object is masked from ‘package:tidyr’:

    crossing

The following objects are masked from ‘package:purrr’:

    compose, simplify

The following object is masked from ‘package:raster’:

    union

The following objects are masked from ‘package:stats’:

    decompose, spectrum

The following object is masked from ‘package:base’:

    union

Terminated
Loading required package: sp

Attaching package: ‘tidyr’

The following object is masked from ‘package:raster’:

    extract


Attaching package: ‘dplyr’

The following objects are masked from ‘package:raster’:

    intersect, select, union

The following objects are masked from ‘package:stats’:

    filter, lag

The following objects are masked from ‘package:base’:

    intersect, setdiff, setequal, union

Linking to GEOS 3.6.2, GDAL 2.2.3, PROJ 4.9.3
Loading required package: spam
Loading required package: dotCall64
Loading required package: grid
Spam version 2.5-1 (2019-12-12) is loaded.
Type 'help( Spam)' or 'demo( spam)' for a short introduction 
and overview of this package.
Help for individual functions is also obtained by adding the
suffix '.spam' to the function name, e.g. 'help( chol.spam)'.

Attaching package: ‘spam’

The following objects are masked from ‘package:base’:

    backsolve, forwardsolve

Loading required package: maps

Attaching package: ‘maps’

The following object is masked from ‘package:purrr’:

    map

See https://github.com/NCAR/Fields for
 an extensive vignette, other supplements and source code 
Loading required package: RandomFieldsUtils

Attaching package: ‘RandomFields’

The following object is masked from ‘package:RandomFieldsUtils’:

    RFoptions

Loading required package: coda
Loading required package: MASS

Attaching package: ‘MASS’

The following object is masked from ‘package:dplyr’:

    select

The following objects are masked from ‘package:raster’:

    area, select

Terminated
Loading required package: sp

Attaching package: ‘tidyr’

The following object is masked from ‘package:raster’:

    extract


Attaching package: ‘dplyr’

The following objects are masked from ‘package:raster’:

    intersect, select, union

The following objects are masked from ‘package:stats’:

    filter, lag

The following objects are masked from ‘package:base’:

    intersect, setdiff, setequal, union

Linking to GEOS 3.6.2, GDAL 2.2.3, PROJ 4.9.3
Loading required package: spam
Loading required package: dotCall64
Loading required package: grid
Spam version 2.5-1 (2019-12-12) is loaded.
Type 'help( Spam)' or 'demo( spam)' for a short introduction 
and overview of this package.
Help for individual functions is also obtained by adding the
suffix '.spam' to the function name, e.g. 'help( chol.spam)'.

Attaching package: ‘spam’

The following objects are masked from ‘package:base’:

    backsolve, forwardsolve

Loading required package: maps

Attaching package: ‘maps’

The following object is masked from ‘package:purrr’:

    map

See https://github.com/NCAR/Fields for
 an extensive vignette, other supplements and source code 
Loading required package: RandomFieldsUtils

Attaching package: ‘RandomFields’

The following object is masked from ‘package:RandomFieldsUtils’:

    RFoptions

Loading required package: coda
Loading required package: MASS

Attaching package: ‘MASS’

The following object is masked from ‘package:dplyr’:

    select

The following objects are masked from ‘package:raster’:

    area, select

##
## Markov Chain Monte Carlo Package (MCMCpack)
## Copyright (C) 2003-2020 Andrew D. Martin, Kevin M. Quinn, and Jong Hee Park
##
## Support provided by the U.S. National Science Foundation
## (Grants SES-0350646 and SES-0350613)
##
Loading required package: stats4

Attaching package: ‘stats4’

The following object is masked from ‘package:spam’:

    mle

Loading required package: evd

Attaching package: ‘invgamma’

The following objects are masked from ‘package:MCMCpack’:

    dinvgamma, rinvgamma


Attaching package: ‘Matrix’

The following object is masked from ‘package:spam’:

    det

The following objects are masked from ‘package:tidyr’:

    expand, pack, unpack

Joining, by = c("iK1", "iK2", "iK3")
Joining, by = c("iK1", "iK2")
Joining, by = "iK1"
Joining, by = c("iK1", "iK2", "iK3", "iK4")
Joining, by = "iP2"
Joining, by = "iP3"
Terminated
Loading required package: sp

Attaching package: ‘tidyr’

The following object is masked from ‘package:raster’:

    extract


Attaching package: ‘dplyr’

The following objects are masked from ‘package:raster’:

    intersect, select, union

The following objects are masked from ‘package:stats’:

    filter, lag

The following objects are masked from ‘package:base’:

    intersect, setdiff, setequal, union

Linking to GEOS 3.6.2, GDAL 2.2.3, PROJ 4.9.3
Loading required package: spam
Loading required package: dotCall64
Loading required package: grid
Spam version 2.5-1 (2019-12-12) is loaded.
Type 'help( Spam)' or 'demo( spam)' for a short introduction 
and overview of this package.
Help for individual functions is also obtained by adding the
suffix '.spam' to the function name, e.g. 'help( chol.spam)'.

Attaching package: ‘spam’

The following objects are masked from ‘package:base’:

    backsolve, forwardsolve

Loading required package: maps

Attaching package: ‘maps’

The following object is masked from ‘package:purrr’:

    map

See https://github.com/NCAR/Fields for
 an extensive vignette, other supplements and source code 
Loading required package: RandomFieldsUtils

Attaching package: ‘RandomFields’

The following object is masked from ‘package:RandomFieldsUtils’:

    RFoptions

Loading required package: coda
Loading required package: MASS

Attaching package: ‘MASS’

The following object is masked from ‘package:dplyr’:

    select

The following objects are masked from ‘package:raster’:

    area, select

##
## Markov Chain Monte Carlo Package (MCMCpack)
## Copyright (C) 2003-2020 Andrew D. Martin, Kevin M. Quinn, and Jong Hee Park
##
## Support provided by the U.S. National Science Foundation
## (Grants SES-0350646 and SES-0350613)
##
Loading required package: stats4

Attaching package: ‘stats4’

The following object is masked from ‘package:spam’:

    mle

Loading required package: evd

Attaching package: ‘invgamma’

The following objects are masked from ‘package:MCMCpack’:

    dinvgamma, rinvgamma


Attaching package: ‘Matrix’

The following object is masked from ‘package:spam’:

    det

The following objects are masked from ‘package:tidyr’:

    expand, pack, unpack

Joining, by = c("iK1", "iK2", "iK3")
Joining, by = c("iK1", "iK2")
Joining, by = "iK1"
Joining, by = c("iK1", "iK2", "iK3", "iK4")
Joining, by = "iP2"
Joining, by = "iP3"
Terminated
Loading required package: sp

Attaching package: ‘tidyr’

The following object is masked from ‘package:raster’:

    extract


Attaching package: ‘dplyr’

The following objects are masked from ‘package:raster’:

    intersect, select, union

The following objects are masked from ‘package:stats’:

    filter, lag

The following objects are masked from ‘package:base’:

    intersect, setdiff, setequal, union

Linking to GEOS 3.6.2, GDAL 2.2.3, PROJ 4.9.3
Loading required package: spam
Loading required package: dotCall64
Loading required package: grid
Spam version 2.5-1 (2019-12-12) is loaded.
Type 'help( Spam)' or 'demo( spam)' for a short introduction 
and overview of this package.
Help for individual functions is also obtained by adding the
suffix '.spam' to the function name, e.g. 'help( chol.spam)'.

Attaching package: ‘spam’

The following objects are masked from ‘package:base’:

    backsolve, forwardsolve

Loading required package: maps

Attaching package: ‘maps’

The following object is masked from ‘package:purrr’:

    map

See https://github.com/NCAR/Fields for
 an extensive vignette, other supplements and source code 
Loading required package: RandomFieldsUtils

Attaching package: ‘RandomFields’

The following object is masked from ‘package:RandomFieldsUtils’:

    RFoptions

Loading required package: coda
Loading required package: MASS

Attaching package: ‘MASS’

The following object is masked from ‘package:dplyr’:

    select

The following objects are masked from ‘package:raster’:

    area, select

Terminated
Loading required package: sp

Attaching package: ‘tidyr’

The following object is masked from ‘package:raster’:

    extract


Attaching package: ‘dplyr’

The following objects are masked from ‘package:raster’:

    intersect, select, union

The following objects are masked from ‘package:stats’:

    filter, lag

The following objects are masked from ‘package:base’:

    intersect, setdiff, setequal, union

Linking to GEOS 3.6.2, GDAL 2.2.3, PROJ 4.9.3
Loading required package: spam
Loading required package: dotCall64
Loading required package: grid
Spam version 2.5-1 (2019-12-12) is loaded.
Type 'help( Spam)' or 'demo( spam)' for a short introduction 
and overview of this package.
Help for individual functions is also obtained by adding the
suffix '.spam' to the function name, e.g. 'help( chol.spam)'.

Attaching package: ‘spam’

The following objects are masked from ‘package:base’:

    backsolve, forwardsolve

Loading required package: maps

Attaching package: ‘maps’

The following object is masked from ‘package:purrr’:

    map

See https://github.com/NCAR/Fields for
 an extensive vignette, other supplements and source code 
Loading required package: RandomFieldsUtils

Attaching package: ‘RandomFields’

The following object is masked from ‘package:RandomFieldsUtils’:

    RFoptions

Loading required package: coda
Loading required package: MASS

Attaching package: ‘MASS’

The following object is masked from ‘package:dplyr’:

    select

The following objects are masked from ‘package:raster’:

    area, select

Terminated
Error in if (log(runif(1)) <= probab) { : 
  missing value where TRUE/FALSE needed
Calls: run_metropolis_MCMC
Execution halted
Loading required package: sp

Attaching package: ‘tidyr’

The following object is masked from ‘package:raster’:

    extract


Attaching package: ‘dplyr’

The following objects are masked from ‘package:raster’:

    intersect, select, union

The following objects are masked from ‘package:stats’:

    filter, lag

The following objects are masked from ‘package:base’:

    intersect, setdiff, setequal, union

Linking to GEOS 3.6.2, GDAL 2.2.3, PROJ 4.9.3
Loading required package: spam
Loading required package: dotCall64
Loading required package: grid
Spam version 2.5-1 (2019-12-12) is loaded.
Type 'help( Spam)' or 'demo( spam)' for a short introduction 
and overview of this package.
Help for individual functions is also obtained by adding the
suffix '.spam' to the function name, e.g. 'help( chol.spam)'.

Attaching package: ‘spam’

The following objects are masked from ‘package:base’:

    backsolve, forwardsolve

Loading required package: maps

Attaching package: ‘maps’

The following object is masked from ‘package:purrr’:

    map

See https://github.com/NCAR/Fields for
 an extensive vignette, other supplements and source code 
Loading required package: RandomFieldsUtils

Attaching package: ‘RandomFields’

The following object is masked from ‘package:RandomFieldsUtils’:

    RFoptions

Loading required package: coda
Loading required package: MASS

Attaching package: ‘MASS’

The following object is masked from ‘package:dplyr’:

    select

The following objects are masked from ‘package:raster’:

    area, select

##
## Markov Chain Monte Carlo Package (MCMCpack)
## Copyright (C) 2003-2020 Andrew D. Martin, Kevin M. Quinn, and Jong Hee Park
##
## Support provided by the U.S. National Science Foundation
## (Grants SES-0350646 and SES-0350613)
##
Loading required package: stats4

Attaching package: ‘stats4’

The following object is masked from ‘package:spam’:

    mle

Loading required package: evd

Attaching package: ‘invgamma’

The following objects are masked from ‘package:MCMCpack’:

    dinvgamma, rinvgamma


Attaching package: ‘Matrix’

The following object is masked from ‘package:spam’:

    det

The following objects are masked from ‘package:tidyr’:

    expand, pack, unpack

Joining, by = c("iK1", "iK2", "iK3")
Joining, by = c("iK1", "iK2")
Joining, by = "iK1"
Joining, by = c("iK1", "iK2", "iK3", "iK4")
Joining, by = "iP2"
Joining, by = "iP3"

Attaching package: ‘igraph’

The following object is masked from ‘package:evd’:

    clusters

The following objects are masked from ‘package:dplyr’:

    as_data_frame, groups, union

The following object is masked from ‘package:tidyr’:

    crossing

The following objects are masked from ‘package:purrr’:

    compose, simplify

The following object is masked from ‘package:raster’:

    union

The following objects are masked from ‘package:stats’:

    decompose, spectrum

The following object is masked from ‘package:base’:

    union

Loading required package: sp

Attaching package: ‘tidyr’

The following object is masked from ‘package:raster’:

    extract


Attaching package: ‘dplyr’

The following objects are masked from ‘package:raster’:

    intersect, select, union

The following objects are masked from ‘package:stats’:

    filter, lag

The following objects are masked from ‘package:base’:

    intersect, setdiff, setequal, union

Linking to GEOS 3.6.2, GDAL 2.2.3, PROJ 4.9.3
Loading required package: spam
Loading required package: dotCall64
Loading required package: grid
Spam version 2.5-1 (2019-12-12) is loaded.
Type 'help( Spam)' or 'demo( spam)' for a short introduction 
and overview of this package.
Help for individual functions is also obtained by adding the
suffix '.spam' to the function name, e.g. 'help( chol.spam)'.

Attaching package: ‘spam’

The following objects are masked from ‘package:base’:

    backsolve, forwardsolve

Loading required package: maps

Attaching package: ‘maps’

The following object is masked from ‘package:purrr’:

    map

See https://github.com/NCAR/Fields for
 an extensive vignette, other supplements and source code 
Loading required package: RandomFieldsUtils

Attaching package: ‘RandomFields’

The following object is masked from ‘package:RandomFieldsUtils’:

    RFoptions

Loading required package: coda
Loading required package: MASS

Attaching package: ‘MASS’

The following object is masked from ‘package:dplyr’:

    select

The following objects are masked from ‘package:raster’:

    area, select

##
## Markov Chain Monte Carlo Package (MCMCpack)
## Copyright (C) 2003-2020 Andrew D. Martin, Kevin M. Quinn, and Jong Hee Park
##
## Support provided by the U.S. National Science Foundation
## (Grants SES-0350646 and SES-0350613)
##
Loading required package: stats4

Attaching package: ‘stats4’

The following object is masked from ‘package:spam’:

    mle

Loading required package: evd

Attaching package: ‘invgamma’

The following objects are masked from ‘package:MCMCpack’:

    dinvgamma, rinvgamma


Attaching package: ‘Matrix’

The following object is masked from ‘package:spam’:

    det

The following objects are masked from ‘package:tidyr’:

    expand, pack, unpack

Joining, by = c("iK1", "iK2", "iK3")
Joining, by = c("iK1", "iK2")
Joining, by = "iK1"
Joining, by = c("iK1", "iK2", "iK3", "iK4")
Joining, by = "iP2"
Joining, by = "iP3"

Attaching package: ‘igraph’

The following object is masked from ‘package:evd’:

    clusters

The following objects are masked from ‘package:dplyr’:

    as_data_frame, groups, union

The following object is masked from ‘package:tidyr’:

    crossing

The following objects are masked from ‘package:purrr’:

    compose, simplify

The following object is masked from ‘package:raster’:

    union

The following objects are masked from ‘package:stats’:

    decompose, spectrum

The following object is masked from ‘package:base’:

    union

Error in if (log(runif(1)) <= probab) { : 
  missing value where TRUE/FALSE needed
Calls: run_metropolis_MCMC
Execution halted
Loading required package: sp

Attaching package: ‘tidyr’

The following object is masked from ‘package:raster’:

    extract


Attaching package: ‘dplyr’

The following objects are masked from ‘package:raster’:

    intersect, select, union

The following objects are masked from ‘package:stats’:

    filter, lag

The following objects are masked from ‘package:base’:

    intersect, setdiff, setequal, union

Linking to GEOS 3.6.2, GDAL 2.2.3, PROJ 4.9.3
Loading required package: spam
Loading required package: dotCall64
Loading required package: grid
Spam version 2.5-1 (2019-12-12) is loaded.
Type 'help( Spam)' or 'demo( spam)' for a short introduction 
and overview of this package.
Help for individual functions is also obtained by adding the
suffix '.spam' to the function name, e.g. 'help( chol.spam)'.

Attaching package: ‘spam’

The following objects are masked from ‘package:base’:

    backsolve, forwardsolve

Loading required package: maps

Attaching package: ‘maps’

The following object is masked from ‘package:purrr’:

    map

See https://github.com/NCAR/Fields for
 an extensive vignette, other supplements and source code 
Loading required package: RandomFieldsUtils

Attaching package: ‘RandomFields’

The following object is masked from ‘package:RandomFieldsUtils’:

    RFoptions

Loading required package: coda
Loading required package: MASS

Attaching package: ‘MASS’

The following object is masked from ‘package:dplyr’:

    select

The following objects are masked from ‘package:raster’:

    area, select

##
## Markov Chain Monte Carlo Package (MCMCpack)
## Copyright (C) 2003-2020 Andrew D. Martin, Kevin M. Quinn, and Jong Hee Park
##
## Support provided by the U.S. National Science Foundation
## (Grants SES-0350646 and SES-0350613)
##
Loading required package: stats4

Attaching package: ‘stats4’

The following object is masked from ‘package:spam’:

    mle

Loading required package: evd

Attaching package: ‘invgamma’

The following objects are masked from ‘package:MCMCpack’:

    dinvgamma, rinvgamma


Attaching package: ‘Matrix’

The following object is masked from ‘package:spam’:

    det

The following objects are masked from ‘package:tidyr’:

    expand, pack, unpack

Joining, by = c("iK1", "iK2", "iK3")
Joining, by = c("iK1", "iK2")
Joining, by = "iK1"
Joining, by = c("iK1", "iK2", "iK3", "iK4")
Joining, by = "iP2"
Joining, by = "iP3"

Attaching package: ‘igraph’

The following object is masked from ‘package:evd’:

    clusters

The following objects are masked from ‘package:dplyr’:

    as_data_frame, groups, union

The following object is masked from ‘package:tidyr’:

    crossing

The following objects are masked from ‘package:purrr’:

    compose, simplify

The following object is masked from ‘package:raster’:

    union

The following objects are masked from ‘package:stats’:

    decompose, spectrum

The following object is masked from ‘package:base’:

    union

Error: cannot allocate vector of size 47.7 Mb
Execution halted
Warning message:
system call failed: Cannot allocate memory 
Loading required package: sp

Attaching package: ‘tidyr’

The following object is masked from ‘package:raster’:

    extract


Attaching package: ‘dplyr’

The following objects are masked from ‘package:raster’:

    intersect, select, union

The following objects are masked from ‘package:stats’:

    filter, lag

The following objects are masked from ‘package:base’:

    intersect, setdiff, setequal, union

Linking to GEOS 3.6.2, GDAL 2.2.3, PROJ 4.9.3
Loading required package: spam
Loading required package: dotCall64
Loading required package: grid
Spam version 2.5-1 (2019-12-12) is loaded.
Type 'help( Spam)' or 'demo( spam)' for a short introduction 
and overview of this package.
Help for individual functions is also obtained by adding the
suffix '.spam' to the function name, e.g. 'help( chol.spam)'.

Attaching package: ‘spam’

The following objects are masked from ‘package:base’:

    backsolve, forwardsolve

Loading required package: maps

Attaching package: ‘maps’

The following object is masked from ‘package:purrr’:

    map

See https://github.com/NCAR/Fields for
 an extensive vignette, other supplements and source code 
Loading required package: RandomFieldsUtils

Attaching package: ‘RandomFields’

The following object is masked from ‘package:RandomFieldsUtils’:

    RFoptions

Loading required package: coda
Loading required package: MASS

Attaching package: ‘MASS’

The following object is masked from ‘package:dplyr’:

    select

The following objects are masked from ‘package:raster’:

    area, select

##
## Markov Chain Monte Carlo Package (MCMCpack)
## Copyright (C) 2003-2020 Andrew D. Martin, Kevin M. Quinn, and Jong Hee Park
##
## Support provided by the U.S. National Science Foundation
## (Grants SES-0350646 and SES-0350613)
##
Loading required package: stats4

Attaching package: ‘stats4’

The following object is masked from ‘package:spam’:

    mle

Loading required package: evd

Attaching package: ‘invgamma’

The following objects are masked from ‘package:MCMCpack’:

    dinvgamma, rinvgamma


Attaching package: ‘Matrix’

The following object is masked from ‘package:spam’:

    det

The following objects are masked from ‘package:tidyr’:

    expand, pack, unpack

Joining, by = c("iK1", "iK2", "iK3")
Joining, by = c("iK1", "iK2")
Joining, by = "iK1"
Joining, by = c("iK1", "iK2", "iK3", "iK4")
Joining, by = "iP2"
Joining, by = "iP3"

Attaching package: ‘igraph’

The following object is masked from ‘package:evd’:

    clusters

The following objects are masked from ‘package:dplyr’:

    as_data_frame, groups, union

The following object is masked from ‘package:tidyr’:

    crossing

The following objects are masked from ‘package:purrr’:

    compose, simplify

The following object is masked from ‘package:raster’:

    union

The following objects are masked from ‘package:stats’:

    decompose, spectrum

The following object is masked from ‘package:base’:

    union

Loading required package: sp

Attaching package: ‘tidyr’

The following object is masked from ‘package:raster’:

    extract


Attaching package: ‘dplyr’

The following objects are masked from ‘package:raster’:

    intersect, select, union

The following objects are masked from ‘package:stats’:

    filter, lag

The following objects are masked from ‘package:base’:

    intersect, setdiff, setequal, union

Linking to GEOS 3.6.2, GDAL 2.2.3, PROJ 4.9.3
Loading required package: spam
Loading required package: dotCall64
Loading required package: grid
Spam version 2.5-1 (2019-12-12) is loaded.
Type 'help( Spam)' or 'demo( spam)' for a short introduction 
and overview of this package.
Help for individual functions is also obtained by adding the
suffix '.spam' to the function name, e.g. 'help( chol.spam)'.

Attaching package: ‘spam’

The following objects are masked from ‘package:base’:

    backsolve, forwardsolve

Loading required package: maps

Attaching package: ‘maps’

The following object is masked from ‘package:purrr’:

    map

See https://github.com/NCAR/Fields for
 an extensive vignette, other supplements and source code 
Loading required package: RandomFieldsUtils

Attaching package: ‘RandomFields’

The following object is masked from ‘package:RandomFieldsUtils’:

    RFoptions

Loading required package: coda
Loading required package: MASS

Attaching package: ‘MASS’

The following object is masked from ‘package:dplyr’:

    select

The following objects are masked from ‘package:raster’:

    area, select

##
## Markov Chain Monte Carlo Package (MCMCpack)
## Copyright (C) 2003-2020 Andrew D. Martin, Kevin M. Quinn, and Jong Hee Park
##
## Support provided by the U.S. National Science Foundation
## (Grants SES-0350646 and SES-0350613)
##
Loading required package: stats4

Attaching package: ‘stats4’

The following object is masked from ‘package:spam’:

    mle

Loading required package: evd

Attaching package: ‘invgamma’

The following objects are masked from ‘package:MCMCpack’:

    dinvgamma, rinvgamma


Attaching package: ‘Matrix’

The following object is masked from ‘package:spam’:

    det

The following objects are masked from ‘package:tidyr’:

    expand, pack, unpack

Joining, by = c("iK1", "iK2", "iK3")
Joining, by = c("iK1", "iK2")
Joining, by = "iK1"
Joining, by = c("iK1", "iK2", "iK3", "iK4")
Joining, by = "iP2"
Joining, by = "iP3"

Attaching package: ‘igraph’

The following object is masked from ‘package:evd’:

    clusters

The following objects are masked from ‘package:dplyr’:

    as_data_frame, groups, union

The following object is masked from ‘package:tidyr’:

    crossing

The following objects are masked from ‘package:purrr’:

    compose, simplify

The following object is masked from ‘package:raster’:

    union

The following objects are masked from ‘package:stats’:

    decompose, spectrum

The following object is masked from ‘package:base’:

    union

Error in if (log(runif(1)) <= probab) { : 
  missing value where TRUE/FALSE needed
Calls: run_metropolis_MCMC
Execution halted
Loading required package: sp

Attaching package: ‘tidyr’

The following object is masked from ‘package:raster’:

    extract


Attaching package: ‘dplyr’

The following objects are masked from ‘package:raster’:

    intersect, select, union

The following objects are masked from ‘package:stats’:

    filter, lag

The following objects are masked from ‘package:base’:

    intersect, setdiff, setequal, union

Linking to GEOS 3.6.2, GDAL 2.2.3, PROJ 4.9.3
Loading required package: spam
Loading required package: dotCall64
Loading required package: grid
Spam version 2.5-1 (2019-12-12) is loaded.
Type 'help( Spam)' or 'demo( spam)' for a short introduction 
and overview of this package.
Help for individual functions is also obtained by adding the
suffix '.spam' to the function name, e.g. 'help( chol.spam)'.

Attaching package: ‘spam’

The following objects are masked from ‘package:base’:

    backsolve, forwardsolve

Loading required package: maps

Attaching package: ‘maps’

The following object is masked from ‘package:purrr’:

    map

See https://github.com/NCAR/Fields for
 an extensive vignette, other supplements and source code 
Loading required package: RandomFieldsUtils

Attaching package: ‘RandomFields’

The following object is masked from ‘package:RandomFieldsUtils’:

    RFoptions

Loading required package: coda
Loading required package: MASS

Attaching package: ‘MASS’

The following object is masked from ‘package:dplyr’:

    select

The following objects are masked from ‘package:raster’:

    area, select

##
## Markov Chain Monte Carlo Package (MCMCpack)
## Copyright (C) 2003-2020 Andrew D. Martin, Kevin M. Quinn, and Jong Hee Park
##
## Support provided by the U.S. National Science Foundation
## (Grants SES-0350646 and SES-0350613)
##
Loading required package: stats4

Attaching package: ‘stats4’

The following object is masked from ‘package:spam’:

    mle

Loading required package: evd

Attaching package: ‘invgamma’

The following objects are masked from ‘package:MCMCpack’:

    dinvgamma, rinvgamma


Attaching package: ‘Matrix’

The following object is masked from ‘package:spam’:

    det

The following objects are masked from ‘package:tidyr’:

    expand, pack, unpack

Joining, by = c("iK1", "iK2", "iK3")
Joining, by = c("iK1", "iK2")
Joining, by = "iK1"
Joining, by = c("iK1", "iK2", "iK3", "iK4")
Joining, by = "iP2"
Joining, by = "iP3"

Attaching package: ‘igraph’

The following object is masked from ‘package:evd’:

    clusters

The following objects are masked from ‘package:dplyr’:

    as_data_frame, groups, union

The following object is masked from ‘package:tidyr’:

    crossing

The following objects are masked from ‘package:purrr’:

    compose, simplify

The following object is masked from ‘package:raster’:

    union

The following objects are masked from ‘package:stats’:

    decompose, spectrum

The following object is masked from ‘package:base’:

    union

Error: cannot allocate vector of size 47.7 Mb
Execution halted
Warning message:
system call failed: Cannot allocate memory 
